[INFO] Scanning for projects...
[WARNING] 
[WARNING] Some problems were encountered while building the effective model for javax.visrec:jsr381-starwars:jar:1
[WARNING] 'build.plugins.plugin.version' for org.apache.maven.plugins:maven-compiler-plugin is missing. @ line 42, column 21
[WARNING] 
[WARNING] It is highly recommended to fix these problems because they threaten the stability of your build.
[WARNING] 
[WARNING] For this reason, future Maven versions might no longer support building such malformed projects.
[WARNING] 
[INFO] 
[INFO] --------------------< javax.visrec:jsr381-starwars >--------------------
[INFO] Building jsr381-starwars 1
[INFO] --------------------------------[ jar ]---------------------------------
[INFO] 
[INFO] >>> javafx-maven-plugin:0.0.4:run (default-cli) > process-classes @ jsr381-starwars >>>
[INFO] 
[INFO] --- maven-resources-plugin:2.6:resources (default-resources) @ jsr381-starwars ---
[WARNING] Using platform encoding (UTF-8 actually) to copy filtered resources, i.e. build is platform dependent!
[INFO] Copying 1 resource
[INFO] 
[INFO] --- maven-compiler-plugin:3.1:compile (default-compile) @ jsr381-starwars ---
[INFO] Changes detected - recompiling the module!
[WARNING] File encoding has not been set, using platform encoding UTF-8, i.e. build is platform dependent!
[INFO] Compiling 4 source files to /Users/kevin/Workspace/JavaVisRec/jsr381-starwars/target/classes
[INFO] 
[INFO] <<< javafx-maven-plugin:0.0.4:run (default-cli) < process-classes @ jsr381-starwars <<<
[INFO] 
[INFO] 
[INFO] --- javafx-maven-plugin:0.0.4:run (default-cli) @ jsr381-starwars ---
Loaded model
[INFO] ------------------------------------------------------------------------
[INFO] BUILD SUCCESS
[INFO] ------------------------------------------------------------------------
[INFO] Total time:  04:42 min
[INFO] Finished at: 2020-06-17T15:09:37+02:00
[INFO] ------------------------------------------------------------------------
